[debug] [2023-07-03T11:21:50.404Z] ----------------------------------------------------------------------
[debug] [2023-07-03T11:21:50.409Z] Command:       C:\Program Files\nodejs\node.exe C:\Users\achar\AppData\Roaming\npm\node_modules\firebase-tools\lib\bin\firebase.js emulators:start
[debug] [2023-07-03T11:21:50.409Z] CLI Version:   12.4.2
[debug] [2023-07-03T11:21:50.410Z] Platform:      win32
[debug] [2023-07-03T11:21:50.411Z] Node Version:  v18.16.0
[debug] [2023-07-03T11:21:50.418Z] Time:          Mon Jul 03 2023 16:51:50 GMT+0530 (India Standard Time)
[debug] [2023-07-03T11:21:50.418Z] ----------------------------------------------------------------------
[debug] 
[debug] [2023-07-03T11:21:50.600Z] > command requires scopes: ["email","openid","https://www.googleapis.com/auth/cloudplatformprojects.readonly","https://www.googleapis.com/auth/firebase","https://www.googleapis.com/auth/cloud-platform"]
[debug] [2023-07-03T11:21:50.602Z] > authorizing via signed-in user (acharyasanath29@gmail.com)
[info] i  emulators: Starting emulators: functions, hosting {"metadata":{"emulator":{"name":"hub"},"message":"Starting emulators: functions, hosting"}}
[debug] [2023-07-03T11:21:50.622Z] [logging] Logging Emulator only supports listening on one address (127.0.0.1). Not listening on ::1
[debug] [2023-07-03T11:21:50.622Z] [hosting] Hosting Emulator only supports listening on one address (127.0.0.1). Not listening on ::1
[debug] [2023-07-03T11:21:50.623Z] assigned listening specs for emulators {"user":{"hub":[{"address":"127.0.0.1","family":"IPv4","port":4400},{"address":"::1","family":"IPv6","port":4400}],"ui":[{"address":"127.0.0.1","family":"IPv4","port":4000},{"address":"::1","family":"IPv6","port":4000}],"logging":[{"address":"127.0.0.1","family":"IPv4","port":4500}],"hosting":[{"address":"127.0.0.1","family":"IPv4","port":5000}]},"metadata":{"message":"assigned listening specs for emulators"}}
[debug] [2023-07-03T11:21:50.641Z] [hub] writing locator at C:\Users\achar\AppData\Local\Temp\hub-challenge-762a1.json
[debug] [2023-07-03T11:21:50.672Z] [functions] Functions Emulator only supports listening on one address (127.0.0.1). Not listening on ::1
[debug] [2023-07-03T11:21:50.672Z] [eventarc] Eventarc Emulator only supports listening on one address (127.0.0.1). Not listening on ::1
[debug] [2023-07-03T11:21:50.672Z] late-assigned ports for functions and eventarc emulators {"user":{"hub":[{"address":"127.0.0.1","family":"IPv4","port":4400},{"address":"::1","family":"IPv6","port":4400}],"ui":[{"address":"127.0.0.1","family":"IPv4","port":4000},{"address":"::1","family":"IPv6","port":4000}],"logging":[{"address":"127.0.0.1","family":"IPv4","port":4500}],"hosting":[{"address":"127.0.0.1","family":"IPv4","port":5000}],"functions":[{"address":"127.0.0.1","family":"IPv4","port":5001}],"eventarc":[{"address":"127.0.0.1","family":"IPv4","port":9299}]},"metadata":{"message":"late-assigned ports for functions and eventarc emulators"}}
[warn] !  functions: The following emulators are not running, calls to these services from the Functions emulator will affect production: auth, firestore, database, pubsub, storage {"metadata":{"emulator":{"name":"functions"},"message":"The following emulators are not running, calls to these services from the Functions emulator will affect production: \u001b[1mauth, firestore, database, pubsub, storage\u001b[22m"}}
[debug] [2023-07-03T11:21:50.678Z] defaultcredentials: writing to file C:\Users\achar\AppData\Roaming\firebase\acharyasanath29_gmail_com_application_default_credentials.json
[debug] [2023-07-03T11:21:50.689Z] Setting GAC to C:\Users\achar\AppData\Roaming\firebase\acharyasanath29_gmail_com_application_default_credentials.json {"metadata":{"emulator":{"name":"functions"},"message":"Setting GAC to C:\\Users\\achar\\AppData\\Roaming\\firebase\\acharyasanath29_gmail_com_application_default_credentials.json"}}
[debug] [2023-07-03T11:21:50.694Z] >>> [apiv2][query] GET https://firebase.googleapis.com/v1beta1/projects/challenge-762a1/adminSdkConfig [none]
[debug] [2023-07-03T11:21:51.205Z] <<< [apiv2][status] GET https://firebase.googleapis.com/v1beta1/projects/challenge-762a1/adminSdkConfig 200
[debug] [2023-07-03T11:21:51.205Z] <<< [apiv2][body] GET https://firebase.googleapis.com/v1beta1/projects/challenge-762a1/adminSdkConfig {"projectId":"challenge-762a1","storageBucket":"challenge-762a1.appspot.com"}
[debug] [2023-07-03T11:21:51.230Z] >>> [apiv2][query] GET https://firebasehosting.googleapis.com/v1beta1/projects/challenge-762a1/sites 
[debug] [2023-07-03T11:21:52.634Z] <<< [apiv2][status] GET https://firebasehosting.googleapis.com/v1beta1/projects/challenge-762a1/sites 200
[debug] [2023-07-03T11:21:52.634Z] <<< [apiv2][body] GET https://firebasehosting.googleapis.com/v1beta1/projects/challenge-762a1/sites {"sites":[{"name":"projects/challenge-762a1/sites/challenge-762a1","defaultUrl":"https://challenge-762a1.web.app","appId":"1:130950410988:web:5c2a030cee77f71efe2bc9","type":"DEFAULT_SITE"}]}
[debug] [2023-07-03T11:21:52.635Z] >>> [apiv2][query] GET https://firebase.googleapis.com/v1beta1/projects/challenge-762a1/webApps/1:130950410988:web:5c2a030cee77f71efe2bc9/config [none]
[debug] [2023-07-03T11:21:54.066Z] <<< [apiv2][status] GET https://firebase.googleapis.com/v1beta1/projects/challenge-762a1/webApps/1:130950410988:web:5c2a030cee77f71efe2bc9/config 200
[debug] [2023-07-03T11:21:54.067Z] <<< [apiv2][body] GET https://firebase.googleapis.com/v1beta1/projects/challenge-762a1/webApps/1:130950410988:web:5c2a030cee77f71efe2bc9/config {"projectId":"challenge-762a1","appId":"1:130950410988:web:5c2a030cee77f71efe2bc9","storageBucket":"challenge-762a1.appspot.com","apiKey":"AIzaSyDDmUkucwNqw9KkhuOkgetpTjsYX-fjOXg","authDomain":"challenge-762a1.firebaseapp.com","messagingSenderId":"130950410988","measurementId":"G-5LZGEGPE5Y"}
[debug] [2023-07-03T11:21:54.087Z] >>> [apiv2][query] GET https://firebase.googleapis.com/v1beta1/projects/challenge-762a1 [none]
[debug] [2023-07-03T11:21:54.679Z] <<< [apiv2][status] GET https://firebase.googleapis.com/v1beta1/projects/challenge-762a1 200
[debug] [2023-07-03T11:21:54.679Z] <<< [apiv2][body] GET https://firebase.googleapis.com/v1beta1/projects/challenge-762a1 {"projectId":"challenge-762a1","projectNumber":"130950410988","displayName":"amazon-challenge","name":"projects/challenge-762a1","resources":{"hostingSite":"challenge-762a1"},"state":"ACTIVE","etag":"1_793f57b7-5d7f-4216-a2bf-0c10df8b756d"}
[info] i  hosting[challenge-762a1]: Serving hosting files from: build {"metadata":{"emulator":{"name":"hosting"},"message":"Serving hosting files from: \u001b[1mbuild\u001b[22m"}}
[info] +  hosting[challenge-762a1]: Local server: http://127.0.0.1:5000 {"metadata":{"emulator":{"name":"hosting"},"message":"Local server: \u001b[4m\u001b[1mhttp://127.0.0.1:5000\u001b[22m\u001b[24m"}}
[info] i  ui: downloading ui-v1.11.6.zip... {"metadata":{"emulator":{"name":"ui"},"message":"downloading ui-v1.11.6.zip..."}}
[debug] [2023-07-03T11:21:54.720Z] >>> [apiv2][query] GET https://storage.googleapis.com/firebase-preview-drop/emulator/ui-v1.11.6.zip 
[debug] [2023-07-03T11:21:55.064Z] <<< [apiv2][status] GET https://storage.googleapis.com/firebase-preview-drop/emulator/ui-v1.11.6.zip 200
[debug] [2023-07-03T11:21:55.064Z] <<< [apiv2][body] GET https://storage.googleapis.com/firebase-preview-drop/emulator/ui-v1.11.6.zip [stream]
[debug] [2023-07-03T11:21:56.862Z] Data is 3063444
[debug] [2023-07-03T11:21:56.862Z] [unzip] Entry: client/ (compressed_size=0 bytes, uncompressed_size=0 bytes)
[debug] [2023-07-03T11:21:56.863Z] [unzip] Processing entry: client\
[debug] [2023-07-03T11:21:56.863Z] [unzip] mkdir: C:\Users\achar\.cache\firebase\emulators\ui-v1.11.6\client\
[debug] [2023-07-03T11:21:56.865Z] [unzip] Entry: client/favicon.ico (compressed_size=2497 bytes, uncompressed_size=7406 bytes)
[debug] [2023-07-03T11:21:56.865Z] [unzip] Processing entry: client\favicon.ico
[debug] [2023-07-03T11:21:56.865Z] [unzip] else mkdir: C:\Users\achar\.cache\firebase\emulators\ui-v1.11.6\client
[debug] [2023-07-03T11:21:56.865Z] [unzip] deflating: C:\Users\achar\.cache\firebase\emulators\ui-v1.11.6\client\favicon.ico
[debug] [2023-07-03T11:21:56.873Z] [unzip] Entry: client/apple-touch-icon.png (compressed_size=7231 bytes, uncompressed_size=7367 bytes)
[debug] [2023-07-03T11:21:56.873Z] [unzip] Processing entry: client\apple-touch-icon.png
[debug] [2023-07-03T11:21:56.873Z] [unzip] else mkdir: C:\Users\achar\.cache\firebase\emulators\ui-v1.11.6\client
[debug] [2023-07-03T11:21:56.874Z] [unzip] deflating: C:\Users\achar\.cache\firebase\emulators\ui-v1.11.6\client\apple-touch-icon.png
[debug] [2023-07-03T11:21:56.876Z] [unzip] Entry: client/android-chrome-512x512.png (compressed_size=16987 bytes, uncompressed_size=18186 bytes)
[debug] [2023-07-03T11:21:56.877Z] [unzip] Processing entry: client\android-chrome-512x512.png
[debug] [2023-07-03T11:21:56.877Z] [unzip] else mkdir: C:\Users\achar\.cache\firebase\emulators\ui-v1.11.6\client
[debug] [2023-07-03T11:21:56.877Z] [unzip] deflating: C:\Users\achar\.cache\firebase\emulators\ui-v1.11.6\client\android-chrome-512x512.png
[debug] [2023-07-03T11:21:56.881Z] [unzip] Entry: client/assets/ (compressed_size=0 bytes, uncompressed_size=0 bytes)
[debug] [2023-07-03T11:21:56.881Z] [unzip] Processing entry: client\assets\
[debug] [2023-07-03T11:21:56.881Z] [unzip] mkdir: C:\Users\achar\.cache\firebase\emulators\ui-v1.11.6\client\assets\
[debug] [2023-07-03T11:21:56.883Z] [unzip] Entry: client/assets/extensions/ (compressed_size=0 bytes, uncompressed_size=0 bytes)
[debug] [2023-07-03T11:21:56.884Z] [unzip] Processing entry: client\assets\extensions\
[debug] [2023-07-03T11:21:56.884Z] [unzip] mkdir: C:\Users\achar\.cache\firebase\emulators\ui-v1.11.6\client\assets\extensions\
[debug] [2023-07-03T11:21:56.884Z] [unzip] Entry: client/assets/extensions/default-extension.png (compressed_size=1646 bytes, uncompressed_size=1657 bytes)
[debug] [2023-07-03T11:21:56.884Z] [unzip] Processing entry: client\assets\extensions\default-extension.png
[debug] [2023-07-03T11:21:56.884Z] [unzip] else mkdir: C:\Users\achar\.cache\firebase\emulators\ui-v1.11.6\client\assets\extensions
[debug] [2023-07-03T11:21:56.885Z] [unzip] deflating: C:\Users\achar\.cache\firebase\emulators\ui-v1.11.6\client\assets\extensions\default-extension.png
[debug] [2023-07-03T11:21:56.886Z] [unzip] Entry: client/assets/index.85584c3f.js (compressed_size=526096 bytes, uncompressed_size=1859818 bytes)
[debug] [2023-07-03T11:21:56.886Z] [unzip] Processing entry: client\assets\index.85584c3f.js
[debug] [2023-07-03T11:21:56.886Z] [unzip] else mkdir: C:\Users\achar\.cache\firebase\emulators\ui-v1.11.6\client\assets
[debug] [2023-07-03T11:21:56.887Z] [unzip] deflating: C:\Users\achar\.cache\firebase\emulators\ui-v1.11.6\client\assets\index.85584c3f.js
[debug] [2023-07-03T11:21:56.901Z] [unzip] Entry: client/assets/provider-icons/ (compressed_size=0 bytes, uncompressed_size=0 bytes)
[debug] [2023-07-03T11:21:56.901Z] [unzip] Processing entry: client\assets\provider-icons\
[debug] [2023-07-03T11:21:56.902Z] [unzip] mkdir: C:\Users\achar\.cache\firebase\emulators\ui-v1.11.6\client\assets\provider-icons\
[debug] [2023-07-03T11:21:56.902Z] [unzip] Entry: client/assets/provider-icons/auth_service_oidc.svg (compressed_size=414 bytes, uncompressed_size=858 bytes)
[debug] [2023-07-03T11:21:56.902Z] [unzip] Processing entry: client\assets\provider-icons\auth_service_oidc.svg
[debug] [2023-07-03T11:21:56.903Z] [unzip] else mkdir: C:\Users\achar\.cache\firebase\emulators\ui-v1.11.6\client\assets\provider-icons
[debug] [2023-07-03T11:21:56.903Z] [unzip] deflating: C:\Users\achar\.cache\firebase\emulators\ui-v1.11.6\client\assets\provider-icons\auth_service_oidc.svg
[debug] [2023-07-03T11:21:56.906Z] [unzip] Entry: client/assets/provider-icons/auth_service_yahoo.svg (compressed_size=577 bytes, uncompressed_size=1182 bytes)
[debug] [2023-07-03T11:21:56.906Z] [unzip] Processing entry: client\assets\provider-icons\auth_service_yahoo.svg
[debug] [2023-07-03T11:21:56.906Z] [unzip] else mkdir: C:\Users\achar\.cache\firebase\emulators\ui-v1.11.6\client\assets\provider-icons
[debug] [2023-07-03T11:21:56.906Z] [unzip] deflating: C:\Users\achar\.cache\firebase\emulators\ui-v1.11.6\client\assets\provider-icons\auth_service_yahoo.svg
[debug] [2023-07-03T11:21:56.907Z] [unzip] Entry: client/assets/provider-icons/auth_service_phone.svg (compressed_size=261 bytes, uncompressed_size=414 bytes)
[debug] [2023-07-03T11:21:56.908Z] [unzip] Processing entry: client\assets\provider-icons\auth_service_phone.svg
[debug] [2023-07-03T11:21:56.908Z] [unzip] else mkdir: C:\Users\achar\.cache\firebase\emulators\ui-v1.11.6\client\assets\provider-icons
[debug] [2023-07-03T11:21:56.908Z] [unzip] deflating: C:\Users\achar\.cache\firebase\emulators\ui-v1.11.6\client\assets\provider-icons\auth_service_phone.svg
[debug] [2023-07-03T11:21:56.909Z] [unzip] Entry: client/assets/provider-icons/auth_service_saml.svg (compressed_size=575 bytes, uncompressed_size=1226 bytes)
[debug] [2023-07-03T11:21:56.909Z] [unzip] Processing entry: client\assets\provider-icons\auth_service_saml.svg
[debug] [2023-07-03T11:21:56.910Z] [unzip] else mkdir: C:\Users\achar\.cache\firebase\emulators\ui-v1.11.6\client\assets\provider-icons
[debug] [2023-07-03T11:21:56.910Z] [unzip] deflating: C:\Users\achar\.cache\firebase\emulators\ui-v1.11.6\client\assets\provider-icons\auth_service_saml.svg
[debug] [2023-07-03T11:21:56.912Z] [unzip] Entry: client/assets/provider-icons/auth_service_mslive.svg (compressed_size=203 bytes, uncompressed_size=378 bytes)
[debug] [2023-07-03T11:21:56.912Z] [unzip] Processing entry: client\assets\provider-icons\auth_service_mslive.svg
[debug] [2023-07-03T11:21:56.912Z] [unzip] else mkdir: C:\Users\achar\.cache\firebase\emulators\ui-v1.11.6\client\assets\provider-icons
[debug] [2023-07-03T11:21:56.912Z] [unzip] deflating: C:\Users\achar\.cache\firebase\emulators\ui-v1.11.6\client\assets\provider-icons\auth_service_mslive.svg
[debug] [2023-07-03T11:21:56.914Z] [unzip] Entry: client/assets/provider-icons/auth_service_facebook.svg (compressed_size=289 bytes, uncompressed_size=457 bytes)
[debug] [2023-07-03T11:21:56.914Z] [unzip] Processing entry: client\assets\provider-icons\auth_service_facebook.svg
[debug] [2023-07-03T11:21:56.914Z] [unzip] else mkdir: C:\Users\achar\.cache\firebase\emulators\ui-v1.11.6\client\assets\provider-icons
[debug] [2023-07-03T11:21:56.915Z] [unzip] deflating: C:\Users\achar\.cache\firebase\emulators\ui-v1.11.6\client\assets\provider-icons\auth_service_facebook.svg
[debug] [2023-07-03T11:21:56.916Z] [unzip] Entry: client/assets/provider-icons/auth_service_play_games.svg (compressed_size=565 bytes, uncompressed_size=1173 bytes)
[debug] [2023-07-03T11:21:56.916Z] [unzip] Processing entry: client\assets\provider-icons\auth_service_play_games.svg
[debug] [2023-07-03T11:21:56.916Z] [unzip] else mkdir: C:\Users\achar\.cache\firebase\emulators\ui-v1.11.6\client\assets\provider-icons
[debug] [2023-07-03T11:21:56.916Z] [unzip] deflating: C:\Users\achar\.cache\firebase\emulators\ui-v1.11.6\client\assets\provider-icons\auth_service_play_games.svg
[debug] [2023-07-03T11:21:56.918Z] [unzip] Entry: client/assets/provider-icons/auth_service_github.svg (compressed_size=466 bytes, uncompressed_size=838 bytes)
[debug] [2023-07-03T11:21:56.918Z] [unzip] Processing entry: client\assets\provider-icons\auth_service_github.svg
[debug] [2023-07-03T11:21:56.918Z] [unzip] else mkdir: C:\Users\achar\.cache\firebase\emulators\ui-v1.11.6\client\assets\provider-icons
[debug] [2023-07-03T11:21:56.919Z] [unzip] deflating: C:\Users\achar\.cache\firebase\emulators\ui-v1.11.6\client\assets\provider-icons\auth_service_github.svg
[debug] [2023-07-03T11:21:56.920Z] [unzip] Entry: client/assets/provider-icons/auth_service_apple.svg (compressed_size=230 bytes, uncompressed_size=334 bytes)
[debug] [2023-07-03T11:21:56.920Z] [unzip] Processing entry: client\assets\provider-icons\auth_service_apple.svg
[debug] [2023-07-03T11:21:56.920Z] [unzip] else mkdir: C:\Users\achar\.cache\firebase\emulators\ui-v1.11.6\client\assets\provider-icons
[debug] [2023-07-03T11:21:56.920Z] [unzip] deflating: C:\Users\achar\.cache\firebase\emulators\ui-v1.11.6\client\assets\provider-icons\auth_service_apple.svg
[debug] [2023-07-03T11:21:56.922Z] [unzip] Entry: client/assets/provider-icons/auth_service_google.svg (compressed_size=409 bytes, uncompressed_size=720 bytes)
[debug] [2023-07-03T11:21:56.922Z] [unzip] Processing entry: client\assets\provider-icons\auth_service_google.svg
[debug] [2023-07-03T11:21:56.922Z] [unzip] else mkdir: C:\Users\achar\.cache\firebase\emulators\ui-v1.11.6\client\assets\provider-icons
[debug] [2023-07-03T11:21:56.922Z] [unzip] deflating: C:\Users\achar\.cache\firebase\emulators\ui-v1.11.6\client\assets\provider-icons\auth_service_google.svg
[debug] [2023-07-03T11:21:56.923Z] [unzip] Entry: client/assets/provider-icons/auth_service_email.svg (compressed_size=228 bytes, uncompressed_size=326 bytes)
[debug] [2023-07-03T11:21:56.923Z] [unzip] Processing entry: client\assets\provider-icons\auth_service_email.svg
[debug] [2023-07-03T11:21:56.923Z] [unzip] else mkdir: C:\Users\achar\.cache\firebase\emulators\ui-v1.11.6\client\assets\provider-icons
[debug] [2023-07-03T11:21:56.924Z] [unzip] deflating: C:\Users\achar\.cache\firebase\emulators\ui-v1.11.6\client\assets\provider-icons\auth_service_email.svg
[debug] [2023-07-03T11:21:56.925Z] [unzip] Entry: client/assets/provider-icons/auth_service_twitter.svg (compressed_size=444 bytes, uncompressed_size=751 bytes)
[debug] [2023-07-03T11:21:56.926Z] [unzip] Processing entry: client\assets\provider-icons\auth_service_twitter.svg
[debug] [2023-07-03T11:21:56.926Z] [unzip] else mkdir: C:\Users\achar\.cache\firebase\emulators\ui-v1.11.6\client\assets\provider-icons
[debug] [2023-07-03T11:21:56.926Z] [unzip] deflating: C:\Users\achar\.cache\firebase\emulators\ui-v1.11.6\client\assets\provider-icons\auth_service_twitter.svg
[debug] [2023-07-03T11:21:56.927Z] [unzip] Entry: client/assets/provider-icons/auth_service_game_center.svg (compressed_size=991 bytes, uncompressed_size=3921 bytes)
[debug] [2023-07-03T11:21:56.928Z] [unzip] Processing entry: client\assets\provider-icons\auth_service_game_center.svg
[debug] [2023-07-03T11:21:56.928Z] [unzip] else mkdir: C:\Users\achar\.cache\firebase\emulators\ui-v1.11.6\client\assets\provider-icons
[debug] [2023-07-03T11:21:56.928Z] [unzip] deflating: C:\Users\achar\.cache\firebase\emulators\ui-v1.11.6\client\assets\provider-icons\auth_service_game_center.svg
[debug] [2023-07-03T11:21:56.929Z] [unzip] Entry: client/assets/img/ (compressed_size=0 bytes, uncompressed_size=0 bytes)
[debug] [2023-07-03T11:21:56.929Z] [unzip] Processing entry: client\assets\img\
[debug] [2023-07-03T11:21:56.929Z] [unzip] mkdir: C:\Users\achar\.cache\firebase\emulators\ui-v1.11.6\client\assets\img\
[debug] [2023-07-03T11:21:56.930Z] [unzip] Entry: client/assets/img/database.png (compressed_size=29449 bytes, uncompressed_size=29988 bytes)
[debug] [2023-07-03T11:21:56.930Z] [unzip] Processing entry: client\assets\img\database.png
[debug] [2023-07-03T11:21:56.930Z] [unzip] else mkdir: C:\Users\achar\.cache\firebase\emulators\ui-v1.11.6\client\assets\img
[debug] [2023-07-03T11:21:56.930Z] [unzip] deflating: C:\Users\achar\.cache\firebase\emulators\ui-v1.11.6\client\assets\img\database.png
[debug] [2023-07-03T11:21:56.932Z] [unzip] Entry: client/assets/index.b9383ce5.css (compressed_size=37605 bytes, uncompressed_size=321268 bytes)
[debug] [2023-07-03T11:21:56.932Z] [unzip] Processing entry: client\assets\index.b9383ce5.css
[debug] [2023-07-03T11:21:56.932Z] [unzip] else mkdir: C:\Users\achar\.cache\firebase\emulators\ui-v1.11.6\client\assets
[debug] [2023-07-03T11:21:56.932Z] [unzip] deflating: C:\Users\achar\.cache\firebase\emulators\ui-v1.11.6\client\assets\index.b9383ce5.css
[debug] [2023-07-03T11:21:56.935Z] [unzip] Entry: client/assets/index.85584c3f.js.map (compressed_size=1778028 bytes, uncompressed_size=7960238 bytes)
[debug] [2023-07-03T11:21:56.935Z] [unzip] Processing entry: client\assets\index.85584c3f.js.map
[debug] [2023-07-03T11:21:56.935Z] [unzip] else mkdir: C:\Users\achar\.cache\firebase\emulators\ui-v1.11.6\client\assets
[debug] [2023-07-03T11:21:56.935Z] [unzip] deflating: C:\Users\achar\.cache\firebase\emulators\ui-v1.11.6\client\assets\index.85584c3f.js.map
[debug] [2023-07-03T11:21:56.986Z] [unzip] Entry: client/safari-pinned-tab.svg (compressed_size=838 bytes, uncompressed_size=1504 bytes)
[debug] [2023-07-03T11:21:56.987Z] [unzip] Processing entry: client\safari-pinned-tab.svg
[debug] [2023-07-03T11:21:56.987Z] [unzip] else mkdir: C:\Users\achar\.cache\firebase\emulators\ui-v1.11.6\client
[debug] [2023-07-03T11:21:56.987Z] [unzip] deflating: C:\Users\achar\.cache\firebase\emulators\ui-v1.11.6\client\safari-pinned-tab.svg
[debug] [2023-07-03T11:21:56.988Z] [unzip] Entry: client/mstile-150x150.png (compressed_size=5406 bytes, uncompressed_size=5723 bytes)
[debug] [2023-07-03T11:21:56.989Z] [unzip] Processing entry: client\mstile-150x150.png
[debug] [2023-07-03T11:21:56.989Z] [unzip] else mkdir: C:\Users\achar\.cache\firebase\emulators\ui-v1.11.6\client
[debug] [2023-07-03T11:21:56.989Z] [unzip] deflating: C:\Users\achar\.cache\firebase\emulators\ui-v1.11.6\client\mstile-150x150.png
[debug] [2023-07-03T11:21:56.991Z] [unzip] Entry: client/browserconfig.xml (compressed_size=491 bytes, uncompressed_size=822 bytes)
[debug] [2023-07-03T11:21:56.991Z] [unzip] Processing entry: client\browserconfig.xml
[debug] [2023-07-03T11:21:56.991Z] [unzip] else mkdir: C:\Users\achar\.cache\firebase\emulators\ui-v1.11.6\client
[debug] [2023-07-03T11:21:56.991Z] [unzip] deflating: C:\Users\achar\.cache\firebase\emulators\ui-v1.11.6\client\browserconfig.xml
[debug] [2023-07-03T11:21:56.993Z] [unzip] Entry: client/robots.txt (compressed_size=26 bytes, uncompressed_size=26 bytes)
[debug] [2023-07-03T11:21:56.993Z] [unzip] Processing entry: client\robots.txt
[debug] [2023-07-03T11:21:56.993Z] [unzip] else mkdir: C:\Users\achar\.cache\firebase\emulators\ui-v1.11.6\client
[debug] [2023-07-03T11:21:56.993Z] [unzip] Writing file: C:\Users\achar\.cache\firebase\emulators\ui-v1.11.6\client\robots.txt
[debug] [2023-07-03T11:21:56.995Z] [unzip] Entry: client/index.html (compressed_size=1363 bytes, uncompressed_size=3064 bytes)
[debug] [2023-07-03T11:21:56.995Z] [unzip] Processing entry: client\index.html
[debug] [2023-07-03T11:21:56.995Z] [unzip] else mkdir: C:\Users\achar\.cache\firebase\emulators\ui-v1.11.6\client
[debug] [2023-07-03T11:21:56.995Z] [unzip] deflating: C:\Users\achar\.cache\firebase\emulators\ui-v1.11.6\client\index.html
[debug] [2023-07-03T11:21:56.997Z] [unzip] Entry: client/favicon-16x16.png (compressed_size=757 bytes, uncompressed_size=777 bytes)
[debug] [2023-07-03T11:21:56.997Z] [unzip] Processing entry: client\favicon-16x16.png
[debug] [2023-07-03T11:21:56.997Z] [unzip] else mkdir: C:\Users\achar\.cache\firebase\emulators\ui-v1.11.6\client
[debug] [2023-07-03T11:21:56.997Z] [unzip] deflating: C:\Users\achar\.cache\firebase\emulators\ui-v1.11.6\client\favicon-16x16.png
[debug] [2023-07-03T11:21:56.999Z] [unzip] Entry: client/manifest.json (compressed_size=246 bytes, uncompressed_size=551 bytes)
[debug] [2023-07-03T11:21:56.999Z] [unzip] Processing entry: client\manifest.json
[debug] [2023-07-03T11:21:56.999Z] [unzip] else mkdir: C:\Users\achar\.cache\firebase\emulators\ui-v1.11.6\client
[debug] [2023-07-03T11:21:56.999Z] [unzip] deflating: C:\Users\achar\.cache\firebase\emulators\ui-v1.11.6\client\manifest.json
[debug] [2023-07-03T11:21:57.001Z] [unzip] Entry: client/favicon-32x32.png (compressed_size=1175 bytes, uncompressed_size=1175 bytes)
[debug] [2023-07-03T11:21:57.001Z] [unzip] Processing entry: client\favicon-32x32.png
[debug] [2023-07-03T11:21:57.001Z] [unzip] else mkdir: C:\Users\achar\.cache\firebase\emulators\ui-v1.11.6\client
[debug] [2023-07-03T11:21:57.001Z] [unzip] Writing file: C:\Users\achar\.cache\firebase\emulators\ui-v1.11.6\client\favicon-32x32.png
[debug] [2023-07-03T11:21:57.002Z] [unzip] Entry: client/android-chrome-192x192.png (compressed_size=7602 bytes, uncompressed_size=7834 bytes)
[debug] [2023-07-03T11:21:57.002Z] [unzip] Processing entry: client\android-chrome-192x192.png
[debug] [2023-07-03T11:21:57.002Z] [unzip] else mkdir: C:\Users\achar\.cache\firebase\emulators\ui-v1.11.6\client
[debug] [2023-07-03T11:21:57.003Z] [unzip] deflating: C:\Users\achar\.cache\firebase\emulators\ui-v1.11.6\client\android-chrome-192x192.png
[debug] [2023-07-03T11:21:57.004Z] [unzip] Entry: server/ (compressed_size=0 bytes, uncompressed_size=0 bytes)
[debug] [2023-07-03T11:21:57.004Z] [unzip] Processing entry: server\
[debug] [2023-07-03T11:21:57.004Z] [unzip] mkdir: C:\Users\achar\.cache\firebase\emulators\ui-v1.11.6\server\
[debug] [2023-07-03T11:21:57.005Z] [unzip] Entry: server/server.js (compressed_size=343746 bytes, uncompressed_size=1346374 bytes)
[debug] [2023-07-03T11:21:57.005Z] [unzip] Processing entry: server\server.js
[debug] [2023-07-03T11:21:57.006Z] [unzip] else mkdir: C:\Users\achar\.cache\firebase\emulators\ui-v1.11.6\server
[debug] [2023-07-03T11:21:57.006Z] [unzip] deflating: C:\Users\achar\.cache\firebase\emulators\ui-v1.11.6\server\server.js
[debug] [2023-07-03T11:21:57.015Z] [unzip] Entry: server/server.js.map (compressed_size=289157 bytes, uncompressed_size=1325651 bytes)
[debug] [2023-07-03T11:21:57.015Z] [unzip] Processing entry: server\server.js.map
[debug] [2023-07-03T11:21:57.015Z] [unzip] else mkdir: C:\Users\achar\.cache\firebase\emulators\ui-v1.11.6\server
[debug] [2023-07-03T11:21:57.016Z] [unzip] deflating: C:\Users\achar\.cache\firebase\emulators\ui-v1.11.6\server\server.js.map
[debug] [2023-07-03T11:21:57.026Z] Ignoring unsupported arg: auto_download {"metadata":{"emulator":{"name":"ui"},"message":"Ignoring unsupported arg: auto_download"}}
[debug] [2023-07-03T11:21:57.026Z] Ignoring unsupported arg: port {"metadata":{"emulator":{"name":"ui"},"message":"Ignoring unsupported arg: port"}}
[debug] [2023-07-03T11:21:57.026Z] Starting Emulator UI with command {"binary":"node","args":["C:\\Users\\achar\\.cache\\firebase\\emulators\\ui-v1.11.6\\server\\server.js"],"optionalArgs":[],"joinArgs":false} {"metadata":{"emulator":{"name":"ui"},"message":"Starting Emulator UI with command {\"binary\":\"node\",\"args\":[\"C:\\\\Users\\\\achar\\\\.cache\\\\firebase\\\\emulators\\\\ui-v1.11.6\\\\server\\\\server.js\"],\"optionalArgs\":[],\"joinArgs\":false}"}}
[info] i  ui: Emulator UI logging to ui-debug.log {"metadata":{"emulator":{"name":"ui"},"message":"Emulator UI logging to \u001b[1mui-debug.log\u001b[22m"}}
[debug] [2023-07-03T11:21:57.253Z] Web / API server started at 127.0.0.1:4000
 {"metadata":{"emulator":{"name":"ui"},"message":"Web / API server started at 127.0.0.1:4000\n"}}
[debug] [2023-07-03T11:21:57.254Z] Web / API server started at ::1:4000
 {"metadata":{"emulator":{"name":"ui"},"message":"Web / API server started at ::1:4000\n"}}
[info] i  functions: Watching "C:\Users\achar\OneDrive\Desktop\amazon-clone\functions" for Cloud Functions... {"metadata":{"emulator":{"name":"functions"},"message":"Watching \"C:\\Users\\achar\\OneDrive\\Desktop\\amazon-clone\\functions\" for Cloud Functions..."}}
[debug] [2023-07-03T11:21:57.313Z] Validating nodejs source
[debug] [2023-07-03T11:22:00.326Z] > [functions] package.json contents: {
  "name": "functions",
  "description": "Cloud Functions for Firebase",
  "scripts": {
    "lint": "eslint .",
    "serve": "firebase emulators:start --only functions",
    "shell": "firebase functions:shell",
    "start": "npm run shell",
    "deploy": "firebase deploy --only functions",
    "logs": "firebase functions:log"
  },
  "engines": {
    "node": "18"
  },
  "main": "index.js",
  "dependencies": {
    "express": "^4.18.2",
    "firebase-admin": "^11.8.0",
    "firebase-functions": "^4.3.1",
    "stripe": "^12.11.0"
  },
  "devDependencies": {
    "eslint": "^8.15.0",
    "eslint-config-google": "^0.14.0",
    "firebase-functions-test": "^3.1.0"
  },
  "private": true
}
[debug] [2023-07-03T11:22:00.327Z] Building nodejs source
[debug] [2023-07-03T11:22:00.327Z] Failed to find version of module node: reached end of search path C:\Users\achar\OneDrive\Desktop\amazon-clone\functions\node_modules
[info] +  functions: Using node@18 from host. 
[debug] [2023-07-03T11:22:00.333Z] Could not find functions.yaml. Must use http discovery
[debug] [2023-07-03T11:22:00.344Z] Found firebase-functions binary at 'C:\Users\achar\OneDrive\Desktop\amazon-clone\functions\node_modules\.bin\firebase-functions'
[info] Serving at port 8465

[debug] [2023-07-03T11:22:01.694Z] Got response from /__/functions.yaml {"endpoints":{"api":{"platform":"gcfv1","availableMemoryMb":null,"timeoutSeconds":null,"minInstances":null,"maxInstances":null,"ingressSettings":null,"serviceAccountEmail":null,"vpc":null,"httpsTrigger":{},"entryPoint":"api"}},"specVersion":"v1alpha1","requiredAPIs":[]}
[info] shutdown requested via /__/quitquitquit

[info] +  functions: Loaded functions definitions from source: api. {"metadata":{"emulator":{"name":"functions"},"message":"Loaded functions definitions from source: api."}}
[info] +  functions[us-central1-api]: http function initialized (http://127.0.0.1:5001/challenge-762a1/us-central1/api). {"metadata":{"emulator":{"name":"functions"},"message":"\u001b[1mhttp\u001b[22m function initialized (http://127.0.0.1:5001/challenge-762a1/us-central1/api)."}}
[info] 
┌─────────────────────────────────────────────────────────────┐
│ ✔  All emulators ready! It is now safe to connect your app. │
│ i  View Emulator UI at http://127.0.0.1:4000/               │
└─────────────────────────────────────────────────────────────┘

┌───────────┬────────────────┬─────────────────────────────────┐
│ Emulator  │ Host:Port      │ View in Emulator UI             │
├───────────┼────────────────┼─────────────────────────────────┤
│ Functions │ 127.0.0.1:5001 │ http://127.0.0.1:4000/functions │
├───────────┼────────────────┼─────────────────────────────────┤
│ Hosting   │ 127.0.0.1:5000 │ n/a                             │
└───────────┴────────────────┴─────────────────────────────────┘
  Emulator Hub running at 127.0.0.1:4400
  Other reserved ports: 4500

Issues? Report them at https://github.com/firebase/firebase-tools/issues and attach the *-debug.log files.
 
[debug] [2023-07-03T11:25:24.418Z] [work-queue] {"queuedWork":["/challenge-762a1/us-central1/api-2023-07-03T11:25:24.417Z"],"queueLength":1,"runningWork":[],"workRunningCount":0}
[debug] [2023-07-03T11:25:24.420Z] [work-queue] {"queuedWork":[],"queueLength":0,"runningWork":["/challenge-762a1/us-central1/api-2023-07-03T11:25:24.417Z"],"workRunningCount":1}
[debug] [2023-07-03T11:25:24.422Z] Accepted request GET /challenge-762a1/us-central1/api --> us-central1-api
[debug] [2023-07-03T11:25:24.431Z] [functions] Runtime ready! Sending request! {"metadata":{"emulator":{"name":"functions"},"message":"[functions] Runtime ready! Sending request!"}}
[debug] [2023-07-03T11:25:24.434Z] [functions] Got req.url=/challenge-762a1/us-central1/api, mapping to path=/ {"metadata":{"emulator":{"name":"functions"},"message":"[functions] Got req.url=/challenge-762a1/us-central1/api, mapping to path=/"}}
[debug] [2023-07-03T11:25:24.476Z] [worker-pool] addWorker(us-central1-api) {"metadata":{"emulator":{"name":"functions"},"message":"[worker-pool] addWorker(us-central1-api)"}}
[debug] [2023-07-03T11:25:24.478Z] [worker-pool] Adding worker with key us-central1-api, total=1 {"metadata":{"emulator":{"name":"functions"},"message":"[worker-pool] Adding worker with key us-central1-api, total=1"}}
[debug] [2023-07-03T11:25:26.569Z] [runtime-status] [572] Resolved module firebase-admin {"declared":true,"installed":true,"version":"11.9.0","resolution":"C:\\Users\\achar\\OneDrive\\Desktop\\amazon-clone\\functions\\node_modules\\firebase-admin\\lib\\index.js"} {"metadata":{"emulator":{"name":"functions"},"function":{"name":"us-central1-api"},"extension":{},"message":"[runtime-status] [572] Resolved module firebase-admin {\"declared\":true,\"installed\":true,\"version\":\"11.9.0\",\"resolution\":\"C:\\\\Users\\\\achar\\\\OneDrive\\\\Desktop\\\\amazon-clone\\\\functions\\\\node_modules\\\\firebase-admin\\\\lib\\\\index.js\"}"}}
[debug] [2023-07-03T11:25:26.570Z] [runtime-status] [572] Resolved module firebase-functions {"declared":true,"installed":true,"version":"4.4.1","resolution":"C:\\Users\\achar\\OneDrive\\Desktop\\amazon-clone\\functions\\node_modules\\firebase-functions\\lib\\v1\\index.js"} {"metadata":{"emulator":{"name":"functions"},"function":{"name":"us-central1-api"},"extension":{},"message":"[runtime-status] [572] Resolved module firebase-functions {\"declared\":true,\"installed\":true,\"version\":\"4.4.1\",\"resolution\":\"C:\\\\Users\\\\achar\\\\OneDrive\\\\Desktop\\\\amazon-clone\\\\functions\\\\node_modules\\\\firebase-functions\\\\lib\\\\v1\\\\index.js\"}"}}
[debug] [2023-07-03T11:25:26.571Z] [runtime-status] [572] Outgoing network have been stubbed. [{"name":"http","status":"mocked"},{"name":"http","status":"mocked"},{"name":"https","status":"mocked"},{"name":"https","status":"mocked"},{"name":"net","status":"mocked"}] {"metadata":{"emulator":{"name":"functions"},"function":{"name":"us-central1-api"},"extension":{},"message":"[runtime-status] [572] Outgoing network have been stubbed. [{\"name\":\"http\",\"status\":\"mocked\"},{\"name\":\"http\",\"status\":\"mocked\"},{\"name\":\"https\",\"status\":\"mocked\"},{\"name\":\"https\",\"status\":\"mocked\"},{\"name\":\"net\",\"status\":\"mocked\"}]"}}
[debug] [2023-07-03T11:25:26.572Z] [runtime-status] [572] Resolved module firebase-functions {"declared":true,"installed":true,"version":"4.4.1","resolution":"C:\\Users\\achar\\OneDrive\\Desktop\\amazon-clone\\functions\\node_modules\\firebase-functions\\lib\\v1\\index.js"} {"metadata":{"emulator":{"name":"functions"},"function":{"name":"us-central1-api"},"extension":{},"message":"[runtime-status] [572] Resolved module firebase-functions {\"declared\":true,\"installed\":true,\"version\":\"4.4.1\",\"resolution\":\"C:\\\\Users\\\\achar\\\\OneDrive\\\\Desktop\\\\amazon-clone\\\\functions\\\\node_modules\\\\firebase-functions\\\\lib\\\\v1\\\\index.js\"}"}}
[debug] [2023-07-03T11:25:26.942Z] [runtime-status] [572] Checked functions.config() {"config":{}} {"metadata":{"emulator":{"name":"functions"},"function":{"name":"us-central1-api"},"extension":{},"message":"[runtime-status] [572] Checked functions.config() {\"config\":{}}"}}
[debug] [2023-07-03T11:25:26.942Z] [runtime-status] [572] firebase-functions has been stubbed. {"functionsResolution":{"declared":true,"installed":true,"version":"4.4.1","resolution":"C:\\Users\\achar\\OneDrive\\Desktop\\amazon-clone\\functions\\node_modules\\firebase-functions\\lib\\v1\\index.js"}} {"metadata":{"emulator":{"name":"functions"},"function":{"name":"us-central1-api"},"extension":{},"message":"[runtime-status] [572] firebase-functions has been stubbed. {\"functionsResolution\":{\"declared\":true,\"installed\":true,\"version\":\"4.4.1\",\"resolution\":\"C:\\\\Users\\\\achar\\\\OneDrive\\\\Desktop\\\\amazon-clone\\\\functions\\\\node_modules\\\\firebase-functions\\\\lib\\\\v1\\\\index.js\"}}"}}
[debug] [2023-07-03T11:25:26.943Z] [runtime-status] [572] Resolved module firebase-functions {"declared":true,"installed":true,"version":"4.4.1","resolution":"C:\\Users\\achar\\OneDrive\\Desktop\\amazon-clone\\functions\\node_modules\\firebase-functions\\lib\\v1\\index.js"} {"metadata":{"emulator":{"name":"functions"},"function":{"name":"us-central1-api"},"extension":{},"message":"[runtime-status] [572] Resolved module firebase-functions {\"declared\":true,\"installed\":true,\"version\":\"4.4.1\",\"resolution\":\"C:\\\\Users\\\\achar\\\\OneDrive\\\\Desktop\\\\amazon-clone\\\\functions\\\\node_modules\\\\firebase-functions\\\\lib\\\\v1\\\\index.js\"}"}}
[debug] [2023-07-03T11:25:26.945Z] [runtime-status] [572] Resolved module firebase-admin {"declared":true,"installed":true,"version":"11.9.0","resolution":"C:\\Users\\achar\\OneDrive\\Desktop\\amazon-clone\\functions\\node_modules\\firebase-admin\\lib\\index.js"} {"metadata":{"emulator":{"name":"functions"},"function":{"name":"us-central1-api"},"extension":{},"message":"[runtime-status] [572] Resolved module firebase-admin {\"declared\":true,\"installed\":true,\"version\":\"11.9.0\",\"resolution\":\"C:\\\\Users\\\\achar\\\\OneDrive\\\\Desktop\\\\amazon-clone\\\\functions\\\\node_modules\\\\firebase-admin\\\\lib\\\\index.js\"}"}}
[debug] [2023-07-03T11:25:26.950Z] [runtime-status] [572] Resolved module firebase-functions {"declared":true,"installed":true,"version":"4.4.1","resolution":"C:\\Users\\achar\\OneDrive\\Desktop\\amazon-clone\\functions\\node_modules\\firebase-functions\\lib\\v1\\index.js"} {"metadata":{"emulator":{"name":"functions"},"function":{"name":"us-central1-api"},"extension":{},"message":"[runtime-status] [572] Resolved module firebase-functions {\"declared\":true,\"installed\":true,\"version\":\"4.4.1\",\"resolution\":\"C:\\\\Users\\\\achar\\\\OneDrive\\\\Desktop\\\\amazon-clone\\\\functions\\\\node_modules\\\\firebase-functions\\\\lib\\\\v1\\\\index.js\"}"}}
[debug] [2023-07-03T11:25:26.950Z] [runtime-status] [572] firebase-admin has been stubbed. {"adminResolution":{"declared":true,"installed":true,"version":"11.9.0","resolution":"C:\\Users\\achar\\OneDrive\\Desktop\\amazon-clone\\functions\\node_modules\\firebase-admin\\lib\\index.js"}} {"metadata":{"emulator":{"name":"functions"},"function":{"name":"us-central1-api"},"extension":{},"message":"[runtime-status] [572] firebase-admin has been stubbed. {\"adminResolution\":{\"declared\":true,\"installed\":true,\"version\":\"11.9.0\",\"resolution\":\"C:\\\\Users\\\\achar\\\\OneDrive\\\\Desktop\\\\amazon-clone\\\\functions\\\\node_modules\\\\firebase-admin\\\\lib\\\\index.js\"}}"}}
[debug] [2023-07-03T11:25:27.235Z] [runtime-status] [572] Functions runtime initialized. {"cwd":"C:\\Users\\achar\\OneDrive\\Desktop\\amazon-clone\\functions","node_version":"18.16.0"} {"metadata":{"emulator":{"name":"functions"},"function":{"name":"us-central1-api"},"extension":{},"message":"[runtime-status] [572] Functions runtime initialized. {\"cwd\":\"C:\\\\Users\\\\achar\\\\OneDrive\\\\Desktop\\\\amazon-clone\\\\functions\",\"node_version\":\"18.16.0\"}"}}
[debug] [2023-07-03T11:25:27.236Z] [runtime-status] [572] Listening to port: \\?\pipe\fire_emu_6b798b89b016c52e {"metadata":{"emulator":{"name":"functions"},"function":{"name":"us-central1-api"},"extension":{},"message":"[runtime-status] [572] Listening to port: \\\\?\\pipe\\fire_emu_6b798b89b016c52e"}}
[debug] [2023-07-03T11:25:27.259Z] [worker-us-central1-api-2052f6b7-d512-4c74-a084-8d9409fb4df4]: IDLE {"metadata":{"emulator":{"name":"functions"},"function":{"name":"us-central1-api"},"extension":{},"message":"[worker-us-central1-api-2052f6b7-d512-4c74-a084-8d9409fb4df4]: IDLE"}}
[debug] [2023-07-03T11:25:27.260Z] [worker-pool] submitRequest(triggerId=us-central1-api) {"metadata":{"emulator":{"name":"functions"},"message":"[worker-pool] submitRequest(triggerId=us-central1-api)"}}
[info] i  functions: Beginning execution of "us-central1-api" {"metadata":{"emulator":{"name":"functions"},"function":{"name":"us-central1-api"},"extension":{},"message":"Beginning execution of \"us-central1-api\""}}
[debug] [2023-07-03T11:25:27.261Z] [worker-us-central1-api-2052f6b7-d512-4c74-a084-8d9409fb4df4]: BUSY {"metadata":{"emulator":{"name":"functions"},"function":{"name":"us-central1-api"},"extension":{},"message":"[worker-us-central1-api-2052f6b7-d512-4c74-a084-8d9409fb4df4]: BUSY"}}
[debug] [2023-07-03T11:25:27.273Z] Finishing up request with event=pause {"metadata":{"emulator":{"name":"functions"},"function":{"name":"us-central1-api"},"extension":{},"message":"Finishing up request with event=pause"}}
[info] i  functions: Finished "us-central1-api" in 12.0609ms {"metadata":{"emulator":{"name":"functions"},"function":{"name":"us-central1-api"},"extension":{},"message":"Finished \"us-central1-api\" in 12.0609ms"}}
[debug] [2023-07-03T11:25:27.275Z] [worker-us-central1-api-2052f6b7-d512-4c74-a084-8d9409fb4df4]: IDLE {"metadata":{"emulator":{"name":"functions"},"function":{"name":"us-central1-api"},"extension":{},"message":"[worker-us-central1-api-2052f6b7-d512-4c74-a084-8d9409fb4df4]: IDLE"}}
[debug] [2023-07-03T11:25:27.275Z] Finishing up request with event=finish {"metadata":{"emulator":{"name":"functions"},"function":{"name":"us-central1-api"},"extension":{},"message":"Finishing up request with event=finish"}}
[debug] [2023-07-03T11:25:27.275Z] Finishing up request with event=close {"metadata":{"emulator":{"name":"functions"},"function":{"name":"us-central1-api"},"extension":{},"message":"Finishing up request with event=close"}}
[debug] [2023-07-03T11:25:27.275Z] [work-queue] {"queuedWork":[],"queueLength":0,"runningWork":[],"workRunningCount":0}
[debug] [2023-07-03T11:25:27.440Z] Functions emulator received unknown request at path /favicon.ico
[debug] [2023-07-03T11:25:52.357Z] File C:\Users\achar\OneDrive\Desktop\amazon-clone\functions\index.js changed, reloading triggers {"metadata":{"emulator":{"name":"functions"},"message":"File C:\\Users\\achar\\OneDrive\\Desktop\\amazon-clone\\functions\\index.js changed, reloading triggers"}}
[debug] [2023-07-03T11:25:53.365Z] Validating nodejs source
[debug] [2023-07-03T11:26:03.409Z] checkFunctionsSDKVersion was unable to fetch information from NPM Error: spawnSync C:\WINDOWS\system32\cmd.exe ETIMEDOUT
    at Object.spawnSync (node:internal/child_process:1110:20)
    at Object.spawnSync (node:child_process:871:24)
    at Function.spawnSync [as sync] (C:\Users\achar\AppData\Roaming\npm\node_modules\firebase-tools\node_modules\cross-spawn\index.js:26:23)
    at Object.getLatestSDKVersion (C:\Users\achar\AppData\Roaming\npm\node_modules\firebase-tools\lib\deploy\functions\runtimes\node\versioning.js:54:25)
    at Object.checkFunctionsSDKVersion (C:\Users\achar\AppData\Roaming\npm\node_modules\firebase-tools\lib\deploy\functions\runtimes\node\versioning.js:74:32)
    at Delegate.validate (C:\Users\achar\AppData\Roaming\npm\node_modules\firebase-tools\lib\deploy\functions\runtimes\node\index.js:84:20)
    at FunctionsEmulator.discoverTriggers (C:\Users\achar\AppData\Roaming\npm\node_modules\firebase-tools\lib\emulator\functionsEmulator.js:296:35)
    at async FunctionsEmulator.loadTriggers (C:\Users\achar\AppData\Roaming\npm\node_modules\firebase-tools\lib\emulator\functionsEmulator.js:325:34)
[debug] [2023-07-03T11:26:03.411Z] > [functions] package.json contents: {
  "name": "functions",
  "description": "Cloud Functions for Firebase",
  "scripts": {
    "lint": "eslint .",
    "serve": "firebase emulators:start --only functions",
    "shell": "firebase functions:shell",
    "start": "npm run shell",
    "deploy": "firebase deploy --only functions",
    "logs": "firebase functions:log"
  },
  "engines": {
    "node": "18"
  },
  "main": "index.js",
  "dependencies": {
    "express": "^4.18.2",
    "firebase-admin": "^11.8.0",
    "firebase-functions": "^4.3.1",
    "stripe": "^12.11.0"
  },
  "devDependencies": {
    "eslint": "^8.15.0",
    "eslint-config-google": "^0.14.0",
    "firebase-functions-test": "^3.1.0"
  },
  "private": true
}
[debug] [2023-07-03T11:26:03.412Z] Building nodejs source
[debug] [2023-07-03T11:26:03.412Z] Failed to find version of module node: reached end of search path C:\Users\achar\OneDrive\Desktop\amazon-clone\functions\node_modules
[info] +  functions: Using node@18 from host. 
[debug] [2023-07-03T11:26:03.417Z] Could not find functions.yaml. Must use http discovery
[debug] [2023-07-03T11:26:03.435Z] Found firebase-functions binary at 'C:\Users\achar\OneDrive\Desktop\amazon-clone\functions\node_modules\.bin\firebase-functions'
[debug] [2023-07-03T11:26:03.459Z] File C:\Users\achar\OneDrive\Desktop\amazon-clone\functions\index.js changed, reloading triggers {"metadata":{"emulator":{"name":"functions"},"message":"File C:\\Users\\achar\\OneDrive\\Desktop\\amazon-clone\\functions\\index.js changed, reloading triggers"}}
[info] Serving at port 8390

[debug] [2023-07-03T11:26:04.431Z] Got response from /__/functions.yaml {"endpoints":{"api":{"platform":"gcfv1","availableMemoryMb":null,"timeoutSeconds":null,"minInstances":null,"maxInstances":null,"ingressSettings":null,"serviceAccountEmail":null,"vpc":null,"httpsTrigger":{},"entryPoint":"api"}},"specVersion":"v1alpha1","requiredAPIs":[]}
[info] shutdown requested via /__/quitquitquit

[info] +  functions: Loaded functions definitions from source: api. {"metadata":{"emulator":{"name":"functions"},"message":"Loaded functions definitions from source: api."}}
[debug] [2023-07-03T11:26:04.459Z] [worker-pool] Shutting down IDLE worker (us-central1-api) {"metadata":{"emulator":{"name":"functions"},"message":"[worker-pool] Shutting down IDLE worker (us-central1-api)"}}
[debug] [2023-07-03T11:26:04.459Z] [worker-us-central1-api-2052f6b7-d512-4c74-a084-8d9409fb4df4]: FINISHING {"metadata":{"emulator":{"name":"functions"},"function":{"name":"us-central1-api"},"extension":{},"message":"[worker-us-central1-api-2052f6b7-d512-4c74-a084-8d9409fb4df4]: FINISHING"}}
[debug] [2023-07-03T11:26:04.461Z] Validating nodejs source
[debug] [2023-07-03T11:26:14.495Z] checkFunctionsSDKVersion was unable to fetch information from NPM Error: spawnSync C:\WINDOWS\system32\cmd.exe ETIMEDOUT
    at Object.spawnSync (node:internal/child_process:1110:20)
    at Object.spawnSync (node:child_process:871:24)
    at Function.spawnSync [as sync] (C:\Users\achar\AppData\Roaming\npm\node_modules\firebase-tools\node_modules\cross-spawn\index.js:26:23)
    at Object.getLatestSDKVersion (C:\Users\achar\AppData\Roaming\npm\node_modules\firebase-tools\lib\deploy\functions\runtimes\node\versioning.js:54:25)
    at Object.checkFunctionsSDKVersion (C:\Users\achar\AppData\Roaming\npm\node_modules\firebase-tools\lib\deploy\functions\runtimes\node\versioning.js:74:32)
    at Delegate.validate (C:\Users\achar\AppData\Roaming\npm\node_modules\firebase-tools\lib\deploy\functions\runtimes\node\index.js:84:20)
    at FunctionsEmulator.discoverTriggers (C:\Users\achar\AppData\Roaming\npm\node_modules\firebase-tools\lib\emulator\functionsEmulator.js:296:35)
    at async FunctionsEmulator.loadTriggers (C:\Users\achar\AppData\Roaming\npm\node_modules\firebase-tools\lib\emulator\functionsEmulator.js:325:34)
[debug] [2023-07-03T11:26:14.496Z] > [functions] package.json contents: {
  "name": "functions",
  "description": "Cloud Functions for Firebase",
  "scripts": {
    "lint": "eslint .",
    "serve": "firebase emulators:start --only functions",
    "shell": "firebase functions:shell",
    "start": "npm run shell",
    "deploy": "firebase deploy --only functions",
    "logs": "firebase functions:log"
  },
  "engines": {
    "node": "18"
  },
  "main": "index.js",
  "dependencies": {
    "express": "^4.18.2",
    "firebase-admin": "^11.8.0",
    "firebase-functions": "^4.3.1",
    "stripe": "^12.11.0"
  },
  "devDependencies": {
    "eslint": "^8.15.0",
    "eslint-config-google": "^0.14.0",
    "firebase-functions-test": "^3.1.0"
  },
  "private": true
}
[debug] [2023-07-03T11:26:14.497Z] Building nodejs source
[debug] [2023-07-03T11:26:14.497Z] Failed to find version of module node: reached end of search path C:\Users\achar\OneDrive\Desktop\amazon-clone\functions\node_modules
[info] +  functions: Using node@18 from host. 
[debug] [2023-07-03T11:26:14.501Z] Could not find functions.yaml. Must use http discovery
[debug] [2023-07-03T11:26:14.524Z] Found firebase-functions binary at 'C:\Users\achar\OneDrive\Desktop\amazon-clone\functions\node_modules\.bin\firebase-functions'
[debug] [2023-07-03T11:26:14.544Z] [worker-us-central1-api-2052f6b7-d512-4c74-a084-8d9409fb4df4]: exited {"metadata":{"emulator":{"name":"functions"},"function":{"name":"us-central1-api"},"extension":{},"message":"[worker-us-central1-api-2052f6b7-d512-4c74-a084-8d9409fb4df4]: exited"}}
[debug] [2023-07-03T11:26:14.544Z] [worker-us-central1-api-2052f6b7-d512-4c74-a084-8d9409fb4df4]: FINISHED {"metadata":{"emulator":{"name":"functions"},"function":{"name":"us-central1-api"},"extension":{},"message":"[worker-us-central1-api-2052f6b7-d512-4c74-a084-8d9409fb4df4]: FINISHED"}}
[info] Serving at port 8481

[debug] [2023-07-03T11:26:15.495Z] Got response from /__/functions.yaml {"endpoints":{"api":{"platform":"gcfv1","availableMemoryMb":null,"timeoutSeconds":null,"minInstances":null,"maxInstances":null,"ingressSettings":null,"serviceAccountEmail":null,"vpc":null,"httpsTrigger":{},"entryPoint":"api"}},"specVersion":"v1alpha1","requiredAPIs":[]}
[info] shutdown requested via /__/quitquitquit

[info] +  functions: Loaded functions definitions from source: api. {"metadata":{"emulator":{"name":"functions"},"message":"Loaded functions definitions from source: api."}}
[debug] [2023-07-03T11:26:18.854Z] File C:\Users\achar\OneDrive\Desktop\amazon-clone\functions\index.js changed, reloading triggers {"metadata":{"emulator":{"name":"functions"},"message":"File C:\\Users\\achar\\OneDrive\\Desktop\\amazon-clone\\functions\\index.js changed, reloading triggers"}}
[debug] [2023-07-03T11:26:19.861Z] Validating nodejs source
[debug] [2023-07-03T11:26:29.887Z] checkFunctionsSDKVersion was unable to fetch information from NPM Error: spawnSync C:\WINDOWS\system32\cmd.exe ETIMEDOUT
    at Object.spawnSync (node:internal/child_process:1110:20)
    at Object.spawnSync (node:child_process:871:24)
    at Function.spawnSync [as sync] (C:\Users\achar\AppData\Roaming\npm\node_modules\firebase-tools\node_modules\cross-spawn\index.js:26:23)
    at Object.getLatestSDKVersion (C:\Users\achar\AppData\Roaming\npm\node_modules\firebase-tools\lib\deploy\functions\runtimes\node\versioning.js:54:25)
    at Object.checkFunctionsSDKVersion (C:\Users\achar\AppData\Roaming\npm\node_modules\firebase-tools\lib\deploy\functions\runtimes\node\versioning.js:74:32)
    at Delegate.validate (C:\Users\achar\AppData\Roaming\npm\node_modules\firebase-tools\lib\deploy\functions\runtimes\node\index.js:84:20)
    at FunctionsEmulator.discoverTriggers (C:\Users\achar\AppData\Roaming\npm\node_modules\firebase-tools\lib\emulator\functionsEmulator.js:296:35)
    at async FunctionsEmulator.loadTriggers (C:\Users\achar\AppData\Roaming\npm\node_modules\firebase-tools\lib\emulator\functionsEmulator.js:325:34)
[debug] [2023-07-03T11:26:29.890Z] > [functions] package.json contents: {
  "name": "functions",
  "description": "Cloud Functions for Firebase",
  "scripts": {
    "lint": "eslint .",
    "serve": "firebase emulators:start --only functions",
    "shell": "firebase functions:shell",
    "start": "npm run shell",
    "deploy": "firebase deploy --only functions",
    "logs": "firebase functions:log"
  },
  "engines": {
    "node": "18"
  },
  "main": "index.js",
  "dependencies": {
    "express": "^4.18.2",
    "firebase-admin": "^11.8.0",
    "firebase-functions": "^4.3.1",
    "stripe": "^12.11.0"
  },
  "devDependencies": {
    "eslint": "^8.15.0",
    "eslint-config-google": "^0.14.0",
    "firebase-functions-test": "^3.1.0"
  },
  "private": true
}
[debug] [2023-07-03T11:26:29.891Z] Building nodejs source
[debug] [2023-07-03T11:26:29.892Z] Failed to find version of module node: reached end of search path C:\Users\achar\OneDrive\Desktop\amazon-clone\functions\node_modules
[info] +  functions: Using node@18 from host. 
[debug] [2023-07-03T11:26:29.902Z] Could not find functions.yaml. Must use http discovery
[debug] [2023-07-03T11:26:29.923Z] Found firebase-functions binary at 'C:\Users\achar\OneDrive\Desktop\amazon-clone\functions\node_modules\.bin\firebase-functions'
[debug] [2023-07-03T11:26:29.952Z] File C:\Users\achar\OneDrive\Desktop\amazon-clone\functions\index.js changed, reloading triggers {"metadata":{"emulator":{"name":"functions"},"message":"File C:\\Users\\achar\\OneDrive\\Desktop\\amazon-clone\\functions\\index.js changed, reloading triggers"}}
[info] Serving at port 8662

[debug] [2023-07-03T11:26:30.894Z] Got response from /__/functions.yaml {"endpoints":{"api":{"platform":"gcfv1","availableMemoryMb":null,"timeoutSeconds":null,"minInstances":null,"maxInstances":null,"ingressSettings":null,"serviceAccountEmail":null,"vpc":null,"httpsTrigger":{},"entryPoint":"api"}},"specVersion":"v1alpha1","requiredAPIs":[]}
[info] shutdown requested via /__/quitquitquit

[info] +  functions: Loaded functions definitions from source: api. {"metadata":{"emulator":{"name":"functions"},"message":"Loaded functions definitions from source: api."}}
[debug] [2023-07-03T11:26:30.957Z] Validating nodejs source
[debug] [2023-07-03T11:26:40.981Z] checkFunctionsSDKVersion was unable to fetch information from NPM Error: spawnSync C:\WINDOWS\system32\cmd.exe ETIMEDOUT
    at Object.spawnSync (node:internal/child_process:1110:20)
    at Object.spawnSync (node:child_process:871:24)
    at Function.spawnSync [as sync] (C:\Users\achar\AppData\Roaming\npm\node_modules\firebase-tools\node_modules\cross-spawn\index.js:26:23)
    at Object.getLatestSDKVersion (C:\Users\achar\AppData\Roaming\npm\node_modules\firebase-tools\lib\deploy\functions\runtimes\node\versioning.js:54:25)
    at Object.checkFunctionsSDKVersion (C:\Users\achar\AppData\Roaming\npm\node_modules\firebase-tools\lib\deploy\functions\runtimes\node\versioning.js:74:32)
    at Delegate.validate (C:\Users\achar\AppData\Roaming\npm\node_modules\firebase-tools\lib\deploy\functions\runtimes\node\index.js:84:20)
    at FunctionsEmulator.discoverTriggers (C:\Users\achar\AppData\Roaming\npm\node_modules\firebase-tools\lib\emulator\functionsEmulator.js:296:35)
    at async FunctionsEmulator.loadTriggers (C:\Users\achar\AppData\Roaming\npm\node_modules\firebase-tools\lib\emulator\functionsEmulator.js:325:34)
[debug] [2023-07-03T11:26:40.982Z] > [functions] package.json contents: {
  "name": "functions",
  "description": "Cloud Functions for Firebase",
  "scripts": {
    "lint": "eslint .",
    "serve": "firebase emulators:start --only functions",
    "shell": "firebase functions:shell",
    "start": "npm run shell",
    "deploy": "firebase deploy --only functions",
    "logs": "firebase functions:log"
  },
  "engines": {
    "node": "18"
  },
  "main": "index.js",
  "dependencies": {
    "express": "^4.18.2",
    "firebase-admin": "^11.8.0",
    "firebase-functions": "^4.3.1",
    "stripe": "^12.11.0"
  },
  "devDependencies": {
    "eslint": "^8.15.0",
    "eslint-config-google": "^0.14.0",
    "firebase-functions-test": "^3.1.0"
  },
  "private": true
}
[debug] [2023-07-03T11:26:40.983Z] Building nodejs source
[debug] [2023-07-03T11:26:40.983Z] Failed to find version of module node: reached end of search path C:\Users\achar\OneDrive\Desktop\amazon-clone\functions\node_modules
[info] +  functions: Using node@18 from host. 
[debug] [2023-07-03T11:26:40.986Z] Could not find functions.yaml. Must use http discovery
[debug] [2023-07-03T11:26:41.019Z] Found firebase-functions binary at 'C:\Users\achar\OneDrive\Desktop\amazon-clone\functions\node_modules\.bin\firebase-functions'
[info] Serving at port 8140

[debug] [2023-07-03T11:26:41.898Z] Got response from /__/functions.yaml {"endpoints":{"api":{"platform":"gcfv1","availableMemoryMb":null,"timeoutSeconds":null,"minInstances":null,"maxInstances":null,"ingressSettings":null,"serviceAccountEmail":null,"vpc":null,"httpsTrigger":{},"entryPoint":"api"}},"specVersion":"v1alpha1","requiredAPIs":[]}
[info] shutdown requested via /__/quitquitquit

[info] +  functions: Loaded functions definitions from source: api. {"metadata":{"emulator":{"name":"functions"},"message":"Loaded functions definitions from source: api."}}
